Traceback (most recent call last):
  File "/Users/rblack/_dev/CFD-talk/.venv/lib/python3.11/site-packages/jupyter_cache/executors/utils.py", line 58, in single_nb_execution
    executenb(
  File "/Users/rblack/_dev/CFD-talk/.venv/lib/python3.11/site-packages/nbclient/client.py", line 1305, in execute
    return NotebookClient(nb=nb, resources=resources, km=km, **kwargs).execute()
           ^^^^^^^^^^^^^^^^^^^^^^^^^^^^^^^^^^^^^^^^^^^^^^^^^^^^^^^^^^^^^^^^^^^^^
  File "/Users/rblack/_dev/CFD-talk/.venv/lib/python3.11/site-packages/jupyter_core/utils/__init__.py", line 166, in wrapped
    return loop.run_until_complete(inner)
           ^^^^^^^^^^^^^^^^^^^^^^^^^^^^^^
  File "/Users/rblack/.pyenv/versions/3.11.2/lib/python3.11/asyncio/base_events.py", line 653, in run_until_complete
    return future.result()
           ^^^^^^^^^^^^^^^
  File "/Users/rblack/_dev/CFD-talk/.venv/lib/python3.11/site-packages/nbclient/client.py", line 705, in async_execute
    await self.async_execute_cell(
  File "/Users/rblack/_dev/CFD-talk/.venv/lib/python3.11/site-packages/nbclient/client.py", line 1058, in async_execute_cell
    await self._check_raise_for_error(cell, cell_index, exec_reply)
  File "/Users/rblack/_dev/CFD-talk/.venv/lib/python3.11/site-packages/nbclient/client.py", line 914, in _check_raise_for_error
    raise CellExecutionError.from_cell_and_msg(cell, exec_reply_content)
nbclient.exceptions.CellExecutionError: An error occurred while executing the following cell:
------------------
nx = 41
dx = 2./(nx-1)
nt = 20    #the number of timesteps we want to calculate
nu = 0.3   #the value of viscosity
dt = sigma*dx**2/nu #dt is defined using sigma ... more later!
------------------


[0;31m---------------------------------------------------------------------------[0m
[0;31mNameError[0m                                 Traceback (most recent call last)
Cell [0;32mIn[3], line 5[0m
[1;32m      3[0m nt [38;5;241m=[39m [38;5;241m20[39m    [38;5;66;03m#the number of timesteps we want to calculate[39;00m
[1;32m      4[0m nu [38;5;241m=[39m [38;5;241m0.3[39m   [38;5;66;03m#the value of viscosity[39;00m
[0;32m----> 5[0m dt [38;5;241m=[39m [43msigma[49m[38;5;241m*[39mdx[38;5;241m*[39m[38;5;241m*[39m[38;5;241m2[39m[38;5;241m/[39mnu [38;5;66;03m#dt is defined using sigma ... more later![39;00m

[0;31mNameError[0m: name 'sigma' is not defined

